<?xml version="1.0" encoding="UTF-8"?>
<!-- Generated by org.testng.reporters.JUnitXMLReporter -->
<testsuite hostname="Latitude" ignored="0" name="Default test" tests="1" failures="1" timestamp="04 Jun 2018 01:47:48 GMT" time="28.913" errors="0">
  <testcase name="testAddProductToCart" time="28.858" classname="com.automationpractice.tests.CartTests">
    <failure type="java.lang.IllegalStateException" message="Not a JSON Object: [{&amp;quot;id&amp;quot;:1,&amp;quot;link&amp;quot;:&amp;quot;http://automationpractice.com/index.php?id_product=1&amp;amp;controller=product#/size-s/color-orange&amp;quot;,&amp;quot;quantity&amp;quot;:1,&amp;quot;image&amp;quot;:&amp;quot;http://automationpractice.com/img/p/1/1-home_default.jpg&amp;quot;,&amp;quot;image_cart&amp;quot;:&amp;quot;http://automationpractice.com/img/p/1/1-cart_default.jpg&amp;quot;,&amp;quot;priceByLine&amp;quot;:&amp;quot;$16.51&amp;quot;,&amp;quot;name&amp;quot;:&amp;quot;Faded Short Sleeve T-shirts&amp;quot;,&amp;quot;price&amp;quot;:&amp;quot;$16.51&amp;quot;,&amp;quot;price_float&amp;quot;:16.51,&amp;quot;idCombination&amp;quot;:1,&amp;quot;idAddressDelivery&amp;quot;:69151,&amp;quot;is_gift&amp;quot;:false,&amp;quot;hasAttributes&amp;quot;:true,&amp;quot;attributes&amp;quot;:&amp;quot;Orange, S&amp;quot;,&amp;quot;hasCustomizedDatas&amp;quot;:false,&amp;quot;customizedDatas&amp;quot;:[]},{&amp;quot;id&amp;quot;:3,&amp;quot;link&amp;quot;:&amp;quot;http://automationpractice.com/index.php?id_product=3&amp;amp;controller=product#/size-s/color-orange&amp;quot;,&amp;quot;quantity&amp;quot;:6,&amp;quot;image&amp;quot;:&amp;quot;http://automationpractice.com/img/p/8/8-home_default.jpg&amp;quot;,&amp;quot;image_cart&amp;quot;:&amp;quot;http://automationpractice.com/img/p/8/8-cart_default.jpg&amp;quot;,&amp;quot;priceByLine&amp;quot;:&amp;quot;$156.00&amp;quot;,&amp;quot;name&amp;quot;:&amp;quot;Printed Dress&amp;quot;,&amp;quot;price&amp;quot;:&amp;quot;$156.00&amp;quot;,&amp;quot;price_float&amp;quot;:156,&amp;quot;idCombination&amp;quot;:13,&amp;quot;idAddressDelivery&amp;quot;:0,&amp;quot;is_gift&amp;quot;:false,&amp;quot;hasAttributes&amp;quot;:true,&amp;quot;attributes&amp;quot;:&amp;quot;Orange, S&amp;quot;,&amp;quot;hasCustomizedDatas&amp;quot;:false,&amp;quot;customizedDatas&amp;quot;:[]},{&amp;quot;id&amp;quot;:7,&amp;quot;link&amp;quot;:&amp;quot;http://automationpractice.com/index.php?id_product=7&amp;amp;controller=product#/size-s/color-yellow&amp;quot;,&amp;quot;quantity&amp;quot;:4,&amp;quot;image&amp;quot;:&amp;quot;http://automationpractice.com/img/p/2/0/20-home_default.jpg&amp;quot;,&amp;quot;image_cart&amp;quot;:&amp;quot;http://automationpractice.com/img/p/2/0/20-cart_default.jpg&amp;quot;,&amp;quot;priceByLine&amp;quot;:&amp;quot;$65.60&amp;quot;,&amp;quot;name&amp;quot;:&amp;quot;Printed Chiffon Dress&amp;quot;,&amp;quot;price&amp;quot;:&amp;quot;$65.60&amp;quot;,&amp;quot;price_float&amp;quot;:65.6,&amp;quot;idCombination&amp;quot;:34,&amp;quot;idAddressDelivery&amp;quot;:0,&amp;quot;is_gift&amp;quot;:false,&amp;quot;hasAttributes&amp;quot;:true,&amp;quot;attributes&amp;quot;:&amp;quot;Yellow, S&amp;quot;,&amp;quot;hasCustomizedDatas&amp;quot;:false,&amp;quot;customizedDatas&amp;quot;:[]}]">
      <![CDATA[java.lang.IllegalStateException: Not a JSON Object: [{"id":1,"link":"http://automationpractice.com/index.php?id_product=1&controller=product#/size-s/color-orange","quantity":1,"image":"http://automationpractice.com/img/p/1/1-home_default.jpg","image_cart":"http://automationpractice.com/img/p/1/1-cart_default.jpg","priceByLine":"$16.51","name":"Faded Short Sleeve T-shirts","price":"$16.51","price_float":16.51,"idCombination":1,"idAddressDelivery":69151,"is_gift":false,"hasAttributes":true,"attributes":"Orange, S","hasCustomizedDatas":false,"customizedDatas":[]},{"id":3,"link":"http://automationpractice.com/index.php?id_product=3&controller=product#/size-s/color-orange","quantity":6,"image":"http://automationpractice.com/img/p/8/8-home_default.jpg","image_cart":"http://automationpractice.com/img/p/8/8-cart_default.jpg","priceByLine":"$156.00","name":"Printed Dress","price":"$156.00","price_float":156,"idCombination":13,"idAddressDelivery":0,"is_gift":false,"hasAttributes":true,"attributes":"Orange, S","hasCustomizedDatas":false,"customizedDatas":[]},{"id":7,"link":"http://automationpractice.com/index.php?id_product=7&controller=product#/size-s/color-yellow","quantity":4,"image":"http://automationpractice.com/img/p/2/0/20-home_default.jpg","image_cart":"http://automationpractice.com/img/p/2/0/20-cart_default.jpg","priceByLine":"$65.60","name":"Printed Chiffon Dress","price":"$65.60","price_float":65.6,"idCombination":34,"idAddressDelivery":0,"is_gift":false,"hasAttributes":true,"attributes":"Yellow, S","hasCustomizedDatas":false,"customizedDatas":[]}]
at com.google.gson.JsonElement.getAsJsonObject(JsonElement.java:91)
at com.automationpractice.appmanager.HttpSession.addCartItemsWithIdAndQuantity(HttpSession.java:196)
at com.automationpractice.tests.CartTests.testAddProductToCart(CartTests.java:38)
at sun.reflect.NativeMethodAccessorImpl.invoke0(Native Method)
at sun.reflect.NativeMethodAccessorImpl.invoke(Unknown Source)
at sun.reflect.DelegatingMethodAccessorImpl.invoke(Unknown Source)
at java.lang.reflect.Method.invoke(Unknown Source)
at org.testng.internal.MethodInvocationHelper.invokeMethod(MethodInvocationHelper.java:124)
at org.testng.internal.Invoker.invokeMethod(Invoker.java:580)
at org.testng.internal.Invoker.invokeTestMethod(Invoker.java:716)
at org.testng.internal.Invoker.invokeTestMethods(Invoker.java:988)
at org.testng.internal.TestMethodWorker.invokeTestMethods(TestMethodWorker.java:125)
at org.testng.internal.TestMethodWorker.run(TestMethodWorker.java:109)
at org.testng.TestRunner.privateRun(TestRunner.java:648)
at org.testng.TestRunner.run(TestRunner.java:505)
at org.testng.SuiteRunner.runTest(SuiteRunner.java:455)
at org.testng.SuiteRunner.runSequentially(SuiteRunner.java:450)
at org.testng.SuiteRunner.privateRun(SuiteRunner.java:415)
at org.testng.SuiteRunner.run(SuiteRunner.java:364)
at org.testng.SuiteRunnerWorker.runSuite(SuiteRunnerWorker.java:52)
at org.testng.SuiteRunnerWorker.run(SuiteRunnerWorker.java:84)
at org.testng.TestNG.runSuitesSequentially(TestNG.java:1208)
at org.testng.TestNG.runSuitesLocally(TestNG.java:1137)
at org.testng.TestNG.runSuites(TestNG.java:1049)
at org.testng.TestNG.run(TestNG.java:1017)
at org.testng.remote.AbstractRemoteTestNG.run(AbstractRemoteTestNG.java:114)
at org.testng.remote.RemoteTestNG.initAndRun(RemoteTestNG.java:251)
at org.testng.remote.RemoteTestNG.main(RemoteTestNG.java:77)
]]>
    </failure>
  </testcase> <!-- testAddProductToCart -->
</testsuite> <!-- Default test -->
