<?xml version="1.0" encoding="UTF-8"?>
<!-- Generated by org.testng.reporters.JUnitXMLReporter -->
<testsuite hostname="Latitude" ignored="0" name="Default test" tests="4" failures="0" timestamp="01 Jul 2018 03:24:57 GMT" time="4.781" errors="0">
  <testcase name="testLoginWithExistedAccount" time="2.757" classname="com.automationpractice.tests.LoginTests"/>
  <testcase name="testLoginWithIlligalPassword" time="0.745" classname="com.automationpractice.tests.LoginTests"/>
  <testcase name="testLoginWithNoEmail" time="0.667" classname="com.automationpractice.tests.LoginTests"/>
  <testcase name="testLoginWithNoPassword" time="0.554" classname="com.automationpractice.tests.LoginTests"/>
</testsuite> <!-- Default test -->
