<?xml version="1.0" encoding="UTF-8"?>
<!-- Generated by org.testng.reporters.JUnitXMLReporter -->
<testsuite hostname="Latitude" ignored="0" name="Default test" tests="4" failures="0" timestamp="24 Jun 2018 21:17:26 GMT" time="19.8" errors="0">
  <testcase name="testRegistration" time="3.455" classname="com.automationpractice.tests.RegistrationTests"/>
  <testcase name="testRegistrationUsingUI" time="15.359" classname="com.automationpractice.tests.RegistrationTests"/>
  <testcase name="testRegistrationWithExistedCredsAPI" time="0.517" classname="com.automationpractice.tests.RegistrationTests"/>
  <testcase name="testRegistrationWithNotExistedCredsAPI" time="0.434" classname="com.automationpractice.tests.RegistrationTests"/>
</testsuite> <!-- Default test -->
