<?xml version="1.0" encoding="UTF-8"?>
<testng-results skipped="0" failed="0" ignored="0" total="4" passed="4">
  <reporter-output>
  </reporter-output>
  <suite name="Default suite" duration-ms="4781" started-at="2018-07-01T03:24:52Z" finished-at="2018-07-01T03:24:57Z">
    <groups>
    </groups>
    <test name="Default test" duration-ms="4781" started-at="2018-07-01T03:24:52Z" finished-at="2018-07-01T03:24:57Z">
      <class name="com.automationpractice.tests.LoginTests">
        <test-method status="PASS" signature="setUp()[pri:0, instance:com.automationpractice.tests.LoginTests@279ad2e3]" name="setUp" is-config="true" duration-ms="12" started-at="2018-07-01T03:24:52Z" finished-at="2018-07-01T03:24:52Z">
          <reporter-output>
          </reporter-output>
        </test-method> <!-- setUp -->
        <test-method status="PASS" signature="testLoginWithExistedAccount()[pri:0, instance:com.automationpractice.tests.LoginTests@279ad2e3]" name="testLoginWithExistedAccount" duration-ms="2757" started-at="2018-07-01T03:24:52Z" finished-at="2018-07-01T03:24:55Z">
          <reporter-output>
          </reporter-output>
        </test-method> <!-- testLoginWithExistedAccount -->
        <test-method status="PASS" signature="testLoginWithIlligalPassword()[pri:0, instance:com.automationpractice.tests.LoginTests@279ad2e3]" name="testLoginWithIlligalPassword" duration-ms="745" started-at="2018-07-01T03:24:55Z" finished-at="2018-07-01T03:24:56Z">
          <reporter-output>
          </reporter-output>
        </test-method> <!-- testLoginWithIlligalPassword -->
        <test-method status="PASS" signature="testLoginWithNoEmail()[pri:0, instance:com.automationpractice.tests.LoginTests@279ad2e3]" name="testLoginWithNoEmail" duration-ms="667" started-at="2018-07-01T03:24:56Z" finished-at="2018-07-01T03:24:56Z">
          <reporter-output>
          </reporter-output>
        </test-method> <!-- testLoginWithNoEmail -->
        <test-method status="PASS" signature="testLoginWithNoPassword()[pri:0, instance:com.automationpractice.tests.LoginTests@279ad2e3]" name="testLoginWithNoPassword" duration-ms="554" started-at="2018-07-01T03:24:56Z" finished-at="2018-07-01T03:24:57Z">
          <reporter-output>
          </reporter-output>
        </test-method> <!-- testLoginWithNoPassword -->
        <test-method status="PASS" signature="tearDown()[pri:0, instance:com.automationpractice.tests.LoginTests@279ad2e3]" name="tearDown" is-config="true" duration-ms="0" started-at="2018-07-01T03:24:57Z" finished-at="2018-07-01T03:24:57Z">
          <reporter-output>
          </reporter-output>
        </test-method> <!-- tearDown -->
      </class> <!-- com.automationpractice.tests.LoginTests -->
    </test> <!-- Default test -->
  </suite> <!-- Default suite -->
</testng-results>
